State 2 conflicts: 17 shift/reduce
State 24 conflicts: 17 shift/reduce
State 26 conflicts: 17 shift/reduce
State 28 conflicts: 17 shift/reduce
State 91 conflicts: 1 shift/reduce
State 132 conflicts: 1 shift/reduce


Grammar

    0 $accept: prog $end

    1 prog: expr ';'
    2     | expr

    3 bind: bind_list

    4 funlhs: pref

    5 bind_single: funlhs lamparams '=' expr
    6            | pat '=' expr

    7 bind_list: ';' bind_single
    8          | bind_list ';' bind_single

    9 expr: expr1

   10 expr1: expr2
   11      | expr2 '|' expr1

   12 expr2: expr3
   13      | econs

   14 econs: expr1 ':' expr3

   15 expr3: expr4
   16      | eappl
   17      | expr3 LSTOROR expr4

   18 eappl: efact expr5
   19      | eappl expr5

   20 expr4: expr5
   21      | ealge

   22 ealge: LSTSYMBOL expr5
   23      | ealge expr5

   24 expr5: efact
   25      | LSTSYMBOL
   26      | LSTDOTSYMBOL

   27 efact: LSTINT
   28      | LSTSTR
   29      | LSTREFSYM
   30      | LSTNSDEFV expr5 LSTSYMBOL expr5
   31      | LSTNSDEF LSTSYMBOL LSTSYMBOL expr5
   32      | LSTPRELUDE_CONSTR
   33      | LSTPRELUDE_SYMBOL
   34      | LSTPRELUDE_STR
   35      | LSTPRELUDE_INT
   36      | etuple
   37      | elist
   38      | closure
   39      | elambda
   40      | LSTENVOP
   41      | '!' '{' dostmts '}'
   42      | '{' nslit_entries '}'

   43 nslit_entries: ε
   44              | nslit_entry
   45              | nslit_entries ';' nslit_entry
   46              | nslit_entries ';'

   47 nslit_entry: LSTDOTSYMBOL '=' expr
   48            | LSTDOTSYMBOL lamparams '=' expr

   49 dostmts: ε
   50        | dostmt
   51        | dostmt ';' dostmts

   52 dostmt: pref LSTLEFTARROW expr
   53       | LSTSYMBOL LSTLEFTARROW expr
   54       | expr

   55 closure: '(' expr bind ')'

   56 etuple: '(' ')'
   57       | '(' earray ')'

   58 earray: expr
   59       | earray ',' expr

   60 elist: '[' ']'
   61      | '[' earray ']'

   62 elambda: '\\' lamparams LSTARROW expr3

   63 lamparam: lamparam2
   64         | lamparam2 '|' lamparam

   65 lamparam2: LSTSYMBOL
   66          | pat3
   67          | '(' pat ')'

   68 lamparams: lamparam
   69          | lamparams lamparam

   70 pat: pat1
   71    | pcons

   72 pcons: pat ':' pat

   73 pat1: pat2
   74     | pat2 '|' pat1

   75 pat2: pat3
   76     | palge

   77 palge: LSTSYMBOL
   78      | palge pat3

   79 pat3: ptuple
   80     | plist
   81     | LSTINT
   82     | LSTSTR
   83     | pref
   84     | LSTWILDCARD
   85     | pref '@' pat3

   86 pref: LSTREFSYM

   87 ptuple: '(' ')'
   88       | '(' parray ')'

   89 parray: pat
   90       | parray ',' pat

   91 plist: '[' ']'
   92      | '[' parray ']'


Terminals, with rules where they appear

    $end (0) 0
    '!' (33) 41
    '(' (40) 55 56 57 67 87 88
    ')' (41) 55 56 57 67 87 88
    ',' (44) 59 90
    ':' (58) 14 72
    ';' (59) 1 7 8 45 46 51
    '=' (61) 5 6 47 48
    '@' (64) 85
    '[' (91) 60 61 91 92
    '\\' (92) 62
    ']' (93) 60 61 91 92
    '{' (123) 41 42
    '|' (124) 11 64 74
    '}' (125) 41 42
    error (256)
    LSTINT <intval> (258) 27 81
    LSTSYMBOL <strval> (259) 22 25 30 31 53 65 77
    LSTDOTSYMBOL <strval> (260) 26 47 48
    LSTPRELUDE_CONSTR <strval> (261) 32
    LSTPRELUDE_SYMBOL <strval> (262) 33
    LSTPRELUDE_STR <strval> (263) 34
    LSTPRELUDE_INT <intval> (264) 35
    LSTENVOP <strval> (265) 40
    LSTNSDEF (266) 31
    LSTNSDEFV (267) 30
    LSTREFSYM <strval> (268) 29 86
    LSTSTR <strval> (269) 28 82
    LSTARROW (270) 62
    LSTOROR (271) 17
    LSTLEFTARROW (272) 52 53
    LSTWILDCARD (273) 84


Nonterminals, with rules where they appear

    $accept (33)
        on left: 0
    prog <prog> (34)
        on left: 1 2
        on right: 0
    bind <array> (35)
        on left: 3
        on right: 55
    funlhs <ref> (36)
        on left: 4
        on right: 5
    bind_single <bind> (37)
        on left: 5 6
        on right: 7 8
    bind_list <array> (38)
        on left: 7 8
        on right: 3 8
    expr <expr> (39)
        on left: 9
        on right: 1 2 5 6 47 48 52 53 54 55 58 59
    expr1 <expr> (40)
        on left: 10 11
        on right: 9 11 14
    expr2 <expr> (41)
        on left: 12 13
        on right: 10 11
    econs <ealge> (42)
        on left: 14
        on right: 13
    expr3 <expr> (43)
        on left: 15 16 17
        on right: 12 14 17 62
    eappl <eappl> (44)
        on left: 18 19
        on right: 16 19
    expr4 <expr> (45)
        on left: 20 21
        on right: 15 17
    ealge <ealge> (46)
        on left: 22 23
        on right: 21 23
    expr5 <expr> (47)
        on left: 24 25 26
        on right: 18 19 20 22 23 30 31
    efact <expr> (48)
        on left: 27 28 29 30 31 32 33 34 35 36 37 38 39 40 41 42
        on right: 18 24
    nslit_entries <array> (49)
        on left: 43 44 45 46
        on right: 42 45 46
    nslit_entry <array> (50)
        on left: 47 48
        on right: 44 45
    dostmts <expr> (51)
        on left: 49 50 51
        on right: 41 51
    dostmt <array> (52)
        on left: 52 53 54
        on right: 50 51
    closure <eclosure> (53)
        on left: 55
        on right: 38
    etuple <ealge> (54)
        on left: 56 57
        on right: 36
    earray <array> (55)
        on left: 58 59
        on right: 57 59 61
    elist <ealge> (56)
        on left: 60 61
        on right: 37
    elambda <elambda> (57)
        on left: 62
        on right: 39
    lamparam <pat> (58)
        on left: 63 64
        on right: 64 68 69
    lamparam2 <pat> (59)
        on left: 65 66 67
        on right: 63 64
    lamparams <array> (60)
        on left: 68 69
        on right: 5 48 62 69
    pat <pat> (61)
        on left: 70 71
        on right: 6 67 72 89 90
    pcons <palge> (62)
        on left: 72
        on right: 71
    pat1 <pat> (63)
        on left: 73 74
        on right: 70 74
    pat2 <pat> (64)
        on left: 75 76
        on right: 73 74
    palge <palge> (65)
        on left: 77 78
        on right: 76 78
    pat3 <pat> (66)
        on left: 79 80 81 82 83 84 85
        on right: 66 75 78 85
    pref <ref> (67)
        on left: 86
        on right: 4 52 83 85
    ptuple <palge> (68)
        on left: 87 88
        on right: 79
    parray <array> (69)
        on left: 89 90
        on right: 88 90 92
    plist <palge> (70)
        on left: 91 92
        on right: 80


State 0

    0 $accept: • prog $end

    LSTINT             shift, and go to state 1
    LSTSYMBOL          shift, and go to state 2
    LSTDOTSYMBOL       shift, and go to state 3
    LSTPRELUDE_CONSTR  shift, and go to state 4
    LSTPRELUDE_SYMBOL  shift, and go to state 5
    LSTPRELUDE_STR     shift, and go to state 6
    LSTPRELUDE_INT     shift, and go to state 7
    LSTENVOP           shift, and go to state 8
    LSTNSDEF           shift, and go to state 9
    LSTNSDEFV          shift, and go to state 10
    LSTREFSYM          shift, and go to state 11
    LSTSTR             shift, and go to state 12
    '!'                shift, and go to state 13
    '{'                shift, and go to state 14
    '('                shift, and go to state 15
    '['                shift, and go to state 16
    '\\'               shift, and go to state 17

    prog     go to state 18
    expr     go to state 19
    expr1    go to state 20
    expr2    go to state 21
    econs    go to state 22
    expr3    go to state 23
    eappl    go to state 24
    expr4    go to state 25
    ealge    go to state 26
    expr5    go to state 27
    efact    go to state 28
    closure  go to state 29
    etuple   go to state 30
    elist    go to state 31
    elambda  go to state 32


State 1

   27 efact: LSTINT •

    $default  reduce using rule 27 (efact)


State 2

   22 ealge: LSTSYMBOL • expr5
   25 expr5: LSTSYMBOL •

    LSTINT             shift, and go to state 1
    LSTSYMBOL          shift, and go to state 33
    LSTDOTSYMBOL       shift, and go to state 3
    LSTPRELUDE_CONSTR  shift, and go to state 4
    LSTPRELUDE_SYMBOL  shift, and go to state 5
    LSTPRELUDE_STR     shift, and go to state 6
    LSTPRELUDE_INT     shift, and go to state 7
    LSTENVOP           shift, and go to state 8
    LSTNSDEF           shift, and go to state 9
    LSTNSDEFV          shift, and go to state 10
    LSTREFSYM          shift, and go to state 11
    LSTSTR             shift, and go to state 12
    '!'                shift, and go to state 13
    '{'                shift, and go to state 14
    '('                shift, and go to state 15
    '['                shift, and go to state 16
    '\\'               shift, and go to state 17

    LSTINT             [reduce using rule 25 (expr5)]
    LSTSYMBOL          [reduce using rule 25 (expr5)]
    LSTDOTSYMBOL       [reduce using rule 25 (expr5)]
    LSTPRELUDE_CONSTR  [reduce using rule 25 (expr5)]
    LSTPRELUDE_SYMBOL  [reduce using rule 25 (expr5)]
    LSTPRELUDE_STR     [reduce using rule 25 (expr5)]
    LSTPRELUDE_INT     [reduce using rule 25 (expr5)]
    LSTENVOP           [reduce using rule 25 (expr5)]
    LSTNSDEF           [reduce using rule 25 (expr5)]
    LSTNSDEFV          [reduce using rule 25 (expr5)]
    LSTREFSYM          [reduce using rule 25 (expr5)]
    LSTSTR             [reduce using rule 25 (expr5)]
    '!'                [reduce using rule 25 (expr5)]
    '{'                [reduce using rule 25 (expr5)]
    '('                [reduce using rule 25 (expr5)]
    '['                [reduce using rule 25 (expr5)]
    '\\'               [reduce using rule 25 (expr5)]
    $default           reduce using rule 25 (expr5)

    expr5    go to state 34
    efact    go to state 35
    closure  go to state 29
    etuple   go to state 30
    elist    go to state 31
    elambda  go to state 32


State 3

   26 expr5: LSTDOTSYMBOL •

    $default  reduce using rule 26 (expr5)


State 4

   32 efact: LSTPRELUDE_CONSTR •

    $default  reduce using rule 32 (efact)


State 5

   33 efact: LSTPRELUDE_SYMBOL •

    $default  reduce using rule 33 (efact)


State 6

   34 efact: LSTPRELUDE_STR •

    $default  reduce using rule 34 (efact)


State 7

   35 efact: LSTPRELUDE_INT •

    $default  reduce using rule 35 (efact)


State 8

   40 efact: LSTENVOP •

    $default  reduce using rule 40 (efact)


State 9

   31 efact: LSTNSDEF • LSTSYMBOL LSTSYMBOL expr5

    LSTSYMBOL  shift, and go to state 36


State 10

   30 efact: LSTNSDEFV • expr5 LSTSYMBOL expr5

    LSTINT             shift, and go to state 1
    LSTSYMBOL          shift, and go to state 33
    LSTDOTSYMBOL       shift, and go to state 3
    LSTPRELUDE_CONSTR  shift, and go to state 4
    LSTPRELUDE_SYMBOL  shift, and go to state 5
    LSTPRELUDE_STR     shift, and go to state 6
    LSTPRELUDE_INT     shift, and go to state 7
    LSTENVOP           shift, and go to state 8
    LSTNSDEF           shift, and go to state 9
    LSTNSDEFV          shift, and go to state 10
    LSTREFSYM          shift, and go to state 11
    LSTSTR             shift, and go to state 12
    '!'                shift, and go to state 13
    '{'                shift, and go to state 14
    '('                shift, and go to state 15
    '['                shift, and go to state 16
    '\\'               shift, and go to state 17

    expr5    go to state 37
    efact    go to state 35
    closure  go to state 29
    etuple   go to state 30
    elist    go to state 31
    elambda  go to state 32


State 11

   29 efact: LSTREFSYM •

    $default  reduce using rule 29 (efact)


State 12

   28 efact: LSTSTR •

    $default  reduce using rule 28 (efact)


State 13

   41 efact: '!' • '{' dostmts '}'

    '{'  shift, and go to state 38


State 14

   42 efact: '{' • nslit_entries '}'

    LSTDOTSYMBOL  shift, and go to state 39

    $default  reduce using rule 43 (nslit_entries)

    nslit_entries  go to state 40
    nslit_entry    go to state 41


State 15

   55 closure: '(' • expr bind ')'
   56 etuple: '(' • ')'
   57       | '(' • earray ')'

    LSTINT             shift, and go to state 1
    LSTSYMBOL          shift, and go to state 2
    LSTDOTSYMBOL       shift, and go to state 3
    LSTPRELUDE_CONSTR  shift, and go to state 4
    LSTPRELUDE_SYMBOL  shift, and go to state 5
    LSTPRELUDE_STR     shift, and go to state 6
    LSTPRELUDE_INT     shift, and go to state 7
    LSTENVOP           shift, and go to state 8
    LSTNSDEF           shift, and go to state 9
    LSTNSDEFV          shift, and go to state 10
    LSTREFSYM          shift, and go to state 11
    LSTSTR             shift, and go to state 12
    '!'                shift, and go to state 13
    '{'                shift, and go to state 14
    '('                shift, and go to state 15
    ')'                shift, and go to state 42
    '['                shift, and go to state 16
    '\\'               shift, and go to state 17

    expr     go to state 43
    expr1    go to state 20
    expr2    go to state 21
    econs    go to state 22
    expr3    go to state 23
    eappl    go to state 24
    expr4    go to state 25
    ealge    go to state 26
    expr5    go to state 27
    efact    go to state 28
    closure  go to state 29
    etuple   go to state 30
    earray   go to state 44
    elist    go to state 31
    elambda  go to state 32


State 16

   60 elist: '[' • ']'
   61      | '[' • earray ']'

    LSTINT             shift, and go to state 1
    LSTSYMBOL          shift, and go to state 2
    LSTDOTSYMBOL       shift, and go to state 3
    LSTPRELUDE_CONSTR  shift, and go to state 4
    LSTPRELUDE_SYMBOL  shift, and go to state 5
    LSTPRELUDE_STR     shift, and go to state 6
    LSTPRELUDE_INT     shift, and go to state 7
    LSTENVOP           shift, and go to state 8
    LSTNSDEF           shift, and go to state 9
    LSTNSDEFV          shift, and go to state 10
    LSTREFSYM          shift, and go to state 11
    LSTSTR             shift, and go to state 12
    '!'                shift, and go to state 13
    '{'                shift, and go to state 14
    '('                shift, and go to state 15
    '['                shift, and go to state 16
    ']'                shift, and go to state 45
    '\\'               shift, and go to state 17

    expr     go to state 46
    expr1    go to state 20
    expr2    go to state 21
    econs    go to state 22
    expr3    go to state 23
    eappl    go to state 24
    expr4    go to state 25
    ealge    go to state 26
    expr5    go to state 27
    efact    go to state 28
    closure  go to state 29
    etuple   go to state 30
    earray   go to state 47
    elist    go to state 31
    elambda  go to state 32


State 17

   62 elambda: '\\' • lamparams LSTARROW expr3

    LSTINT       shift, and go to state 48
    LSTSYMBOL    shift, and go to state 49
    LSTREFSYM    shift, and go to state 50
    LSTSTR       shift, and go to state 51
    LSTWILDCARD  shift, and go to state 52
    '('          shift, and go to state 53
    '['          shift, and go to state 54

    lamparam   go to state 55
    lamparam2  go to state 56
    lamparams  go to state 57
    pat3       go to state 58
    pref       go to state 59
    ptuple     go to state 60
    plist      go to state 61


State 18

    0 $accept: prog • $end

    $end  shift, and go to state 62


State 19

    1 prog: expr • ';'
    2     | expr •

    ';'  shift, and go to state 63

    $default  reduce using rule 2 (prog)


State 20

    9 expr: expr1 •
   14 econs: expr1 • ':' expr3

    ':'  shift, and go to state 64

    $default  reduce using rule 9 (expr)


State 21

   10 expr1: expr2 •
   11      | expr2 • '|' expr1

    '|'  shift, and go to state 65

    $default  reduce using rule 10 (expr1)


State 22

   13 expr2: econs •

    $default  reduce using rule 13 (expr2)


State 23

   12 expr2: expr3 •
   17 expr3: expr3 • LSTOROR expr4

    LSTOROR  shift, and go to state 66

    $default  reduce using rule 12 (expr2)


State 24

   16 expr3: eappl •
   19 eappl: eappl • expr5

    LSTINT             shift, and go to state 1
    LSTSYMBOL          shift, and go to state 33
    LSTDOTSYMBOL       shift, and go to state 3
    LSTPRELUDE_CONSTR  shift, and go to state 4
    LSTPRELUDE_SYMBOL  shift, and go to state 5
    LSTPRELUDE_STR     shift, and go to state 6
    LSTPRELUDE_INT     shift, and go to state 7
    LSTENVOP           shift, and go to state 8
    LSTNSDEF           shift, and go to state 9
    LSTNSDEFV          shift, and go to state 10
    LSTREFSYM          shift, and go to state 11
    LSTSTR             shift, and go to state 12
    '!'                shift, and go to state 13
    '{'                shift, and go to state 14
    '('                shift, and go to state 15
    '['                shift, and go to state 16
    '\\'               shift, and go to state 17

    LSTINT             [reduce using rule 16 (expr3)]
    LSTSYMBOL          [reduce using rule 16 (expr3)]
    LSTDOTSYMBOL       [reduce using rule 16 (expr3)]
    LSTPRELUDE_CONSTR  [reduce using rule 16 (expr3)]
    LSTPRELUDE_SYMBOL  [reduce using rule 16 (expr3)]
    LSTPRELUDE_STR     [reduce using rule 16 (expr3)]
    LSTPRELUDE_INT     [reduce using rule 16 (expr3)]
    LSTENVOP           [reduce using rule 16 (expr3)]
    LSTNSDEF           [reduce using rule 16 (expr3)]
    LSTNSDEFV          [reduce using rule 16 (expr3)]
    LSTREFSYM          [reduce using rule 16 (expr3)]
    LSTSTR             [reduce using rule 16 (expr3)]
    '!'                [reduce using rule 16 (expr3)]
    '{'                [reduce using rule 16 (expr3)]
    '('                [reduce using rule 16 (expr3)]
    '['                [reduce using rule 16 (expr3)]
    '\\'               [reduce using rule 16 (expr3)]
    $default           reduce using rule 16 (expr3)

    expr5    go to state 67
    efact    go to state 35
    closure  go to state 29
    etuple   go to state 30
    elist    go to state 31
    elambda  go to state 32


State 25

   15 expr3: expr4 •

    $default  reduce using rule 15 (expr3)


State 26

   21 expr4: ealge •
   23 ealge: ealge • expr5

    LSTINT             shift, and go to state 1
    LSTSYMBOL          shift, and go to state 33
    LSTDOTSYMBOL       shift, and go to state 3
    LSTPRELUDE_CONSTR  shift, and go to state 4
    LSTPRELUDE_SYMBOL  shift, and go to state 5
    LSTPRELUDE_STR     shift, and go to state 6
    LSTPRELUDE_INT     shift, and go to state 7
    LSTENVOP           shift, and go to state 8
    LSTNSDEF           shift, and go to state 9
    LSTNSDEFV          shift, and go to state 10
    LSTREFSYM          shift, and go to state 11
    LSTSTR             shift, and go to state 12
    '!'                shift, and go to state 13
    '{'                shift, and go to state 14
    '('                shift, and go to state 15
    '['                shift, and go to state 16
    '\\'               shift, and go to state 17

    LSTINT             [reduce using rule 21 (expr4)]
    LSTSYMBOL          [reduce using rule 21 (expr4)]
    LSTDOTSYMBOL       [reduce using rule 21 (expr4)]
    LSTPRELUDE_CONSTR  [reduce using rule 21 (expr4)]
    LSTPRELUDE_SYMBOL  [reduce using rule 21 (expr4)]
    LSTPRELUDE_STR     [reduce using rule 21 (expr4)]
    LSTPRELUDE_INT     [reduce using rule 21 (expr4)]
    LSTENVOP           [reduce using rule 21 (expr4)]
    LSTNSDEF           [reduce using rule 21 (expr4)]
    LSTNSDEFV          [reduce using rule 21 (expr4)]
    LSTREFSYM          [reduce using rule 21 (expr4)]
    LSTSTR             [reduce using rule 21 (expr4)]
    '!'                [reduce using rule 21 (expr4)]
    '{'                [reduce using rule 21 (expr4)]
    '('                [reduce using rule 21 (expr4)]
    '['                [reduce using rule 21 (expr4)]
    '\\'               [reduce using rule 21 (expr4)]
    $default           reduce using rule 21 (expr4)

    expr5    go to state 68
    efact    go to state 35
    closure  go to state 29
    etuple   go to state 30
    elist    go to state 31
    elambda  go to state 32


State 27

   20 expr4: expr5 •

    $default  reduce using rule 20 (expr4)


State 28

   18 eappl: efact • expr5
   24 expr5: efact •

    LSTINT             shift, and go to state 1
    LSTSYMBOL          shift, and go to state 33
    LSTDOTSYMBOL       shift, and go to state 3
    LSTPRELUDE_CONSTR  shift, and go to state 4
    LSTPRELUDE_SYMBOL  shift, and go to state 5
    LSTPRELUDE_STR     shift, and go to state 6
    LSTPRELUDE_INT     shift, and go to state 7
    LSTENVOP           shift, and go to state 8
    LSTNSDEF           shift, and go to state 9
    LSTNSDEFV          shift, and go to state 10
    LSTREFSYM          shift, and go to state 11
    LSTSTR             shift, and go to state 12
    '!'                shift, and go to state 13
    '{'                shift, and go to state 14
    '('                shift, and go to state 15
    '['                shift, and go to state 16
    '\\'               shift, and go to state 17

    LSTINT             [reduce using rule 24 (expr5)]
    LSTSYMBOL          [reduce using rule 24 (expr5)]
    LSTDOTSYMBOL       [reduce using rule 24 (expr5)]
    LSTPRELUDE_CONSTR  [reduce using rule 24 (expr5)]
    LSTPRELUDE_SYMBOL  [reduce using rule 24 (expr5)]
    LSTPRELUDE_STR     [reduce using rule 24 (expr5)]
    LSTPRELUDE_INT     [reduce using rule 24 (expr5)]
    LSTENVOP           [reduce using rule 24 (expr5)]
    LSTNSDEF           [reduce using rule 24 (expr5)]
    LSTNSDEFV          [reduce using rule 24 (expr5)]
    LSTREFSYM          [reduce using rule 24 (expr5)]
    LSTSTR             [reduce using rule 24 (expr5)]
    '!'                [reduce using rule 24 (expr5)]
    '{'                [reduce using rule 24 (expr5)]
    '('                [reduce using rule 24 (expr5)]
    '['                [reduce using rule 24 (expr5)]
    '\\'               [reduce using rule 24 (expr5)]
    $default           reduce using rule 24 (expr5)

    expr5    go to state 69
    efact    go to state 35
    closure  go to state 29
    etuple   go to state 30
    elist    go to state 31
    elambda  go to state 32


State 29

   38 efact: closure •

    $default  reduce using rule 38 (efact)


State 30

   36 efact: etuple •

    $default  reduce using rule 36 (efact)


State 31

   37 efact: elist •

    $default  reduce using rule 37 (efact)


State 32

   39 efact: elambda •

    $default  reduce using rule 39 (efact)


State 33

   25 expr5: LSTSYMBOL •

    $default  reduce using rule 25 (expr5)


State 34

   22 ealge: LSTSYMBOL expr5 •

    $default  reduce using rule 22 (ealge)


State 35

   24 expr5: efact •

    $default  reduce using rule 24 (expr5)


State 36

   31 efact: LSTNSDEF LSTSYMBOL • LSTSYMBOL expr5

    LSTSYMBOL  shift, and go to state 70


State 37

   30 efact: LSTNSDEFV expr5 • LSTSYMBOL expr5

    LSTSYMBOL  shift, and go to state 71


State 38

   41 efact: '!' '{' • dostmts '}'

    LSTINT             shift, and go to state 1
    LSTSYMBOL          shift, and go to state 72
    LSTDOTSYMBOL       shift, and go to state 3
    LSTPRELUDE_CONSTR  shift, and go to state 4
    LSTPRELUDE_SYMBOL  shift, and go to state 5
    LSTPRELUDE_STR     shift, and go to state 6
    LSTPRELUDE_INT     shift, and go to state 7
    LSTENVOP           shift, and go to state 8
    LSTNSDEF           shift, and go to state 9
    LSTNSDEFV          shift, and go to state 10
    LSTREFSYM          shift, and go to state 73
    LSTSTR             shift, and go to state 12
    '!'                shift, and go to state 13
    '{'                shift, and go to state 14
    '('                shift, and go to state 15
    '['                shift, and go to state 16
    '\\'               shift, and go to state 17

    $default  reduce using rule 49 (dostmts)

    expr     go to state 74
    expr1    go to state 20
    expr2    go to state 21
    econs    go to state 22
    expr3    go to state 23
    eappl    go to state 24
    expr4    go to state 25
    ealge    go to state 26
    expr5    go to state 27
    efact    go to state 28
    dostmts  go to state 75
    dostmt   go to state 76
    closure  go to state 29
    etuple   go to state 30
    elist    go to state 31
    elambda  go to state 32
    pref     go to state 77


State 39

   47 nslit_entry: LSTDOTSYMBOL • '=' expr
   48            | LSTDOTSYMBOL • lamparams '=' expr

    LSTINT       shift, and go to state 48
    LSTSYMBOL    shift, and go to state 49
    LSTREFSYM    shift, and go to state 50
    LSTSTR       shift, and go to state 51
    LSTWILDCARD  shift, and go to state 52
    '='          shift, and go to state 78
    '('          shift, and go to state 53
    '['          shift, and go to state 54

    lamparam   go to state 55
    lamparam2  go to state 56
    lamparams  go to state 79
    pat3       go to state 58
    pref       go to state 59
    ptuple     go to state 60
    plist      go to state 61


State 40

   42 efact: '{' nslit_entries • '}'
   45 nslit_entries: nslit_entries • ';' nslit_entry
   46              | nslit_entries • ';'

    ';'  shift, and go to state 80
    '}'  shift, and go to state 81


State 41

   44 nslit_entries: nslit_entry •

    $default  reduce using rule 44 (nslit_entries)


State 42

   56 etuple: '(' ')' •

    $default  reduce using rule 56 (etuple)


State 43

   55 closure: '(' expr • bind ')'
   58 earray: expr •

    ';'  shift, and go to state 82

    $default  reduce using rule 58 (earray)

    bind       go to state 83
    bind_list  go to state 84


State 44

   57 etuple: '(' earray • ')'
   59 earray: earray • ',' expr

    ')'  shift, and go to state 85
    ','  shift, and go to state 86


State 45

   60 elist: '[' ']' •

    $default  reduce using rule 60 (elist)


State 46

   58 earray: expr •

    $default  reduce using rule 58 (earray)


State 47

   59 earray: earray • ',' expr
   61 elist: '[' earray • ']'

    ','  shift, and go to state 86
    ']'  shift, and go to state 87


State 48

   81 pat3: LSTINT •

    $default  reduce using rule 81 (pat3)


State 49

   65 lamparam2: LSTSYMBOL •

    $default  reduce using rule 65 (lamparam2)


State 50

   86 pref: LSTREFSYM •

    $default  reduce using rule 86 (pref)


State 51

   82 pat3: LSTSTR •

    $default  reduce using rule 82 (pat3)


State 52

   84 pat3: LSTWILDCARD •

    $default  reduce using rule 84 (pat3)


State 53

   67 lamparam2: '(' • pat ')'
   87 ptuple: '(' • ')'
   88       | '(' • parray ')'

    LSTINT       shift, and go to state 48
    LSTSYMBOL    shift, and go to state 88
    LSTREFSYM    shift, and go to state 50
    LSTSTR       shift, and go to state 51
    LSTWILDCARD  shift, and go to state 52
    '('          shift, and go to state 89
    ')'          shift, and go to state 90
    '['          shift, and go to state 54

    pat     go to state 91
    pcons   go to state 92
    pat1    go to state 93
    pat2    go to state 94
    palge   go to state 95
    pat3    go to state 96
    pref    go to state 59
    ptuple  go to state 60
    parray  go to state 97
    plist   go to state 61


State 54

   91 plist: '[' • ']'
   92      | '[' • parray ']'

    LSTINT       shift, and go to state 48
    LSTSYMBOL    shift, and go to state 88
    LSTREFSYM    shift, and go to state 50
    LSTSTR       shift, and go to state 51
    LSTWILDCARD  shift, and go to state 52
    '('          shift, and go to state 89
    '['          shift, and go to state 54
    ']'          shift, and go to state 98

    pat     go to state 99
    pcons   go to state 92
    pat1    go to state 93
    pat2    go to state 94
    palge   go to state 95
    pat3    go to state 96
    pref    go to state 59
    ptuple  go to state 60
    parray  go to state 100
    plist   go to state 61


State 55

   68 lamparams: lamparam •

    $default  reduce using rule 68 (lamparams)


State 56

   63 lamparam: lamparam2 •
   64         | lamparam2 • '|' lamparam

    '|'  shift, and go to state 101

    $default  reduce using rule 63 (lamparam)


State 57

   62 elambda: '\\' lamparams • LSTARROW expr3
   69 lamparams: lamparams • lamparam

    LSTINT       shift, and go to state 48
    LSTSYMBOL    shift, and go to state 49
    LSTREFSYM    shift, and go to state 50
    LSTSTR       shift, and go to state 51
    LSTARROW     shift, and go to state 102
    LSTWILDCARD  shift, and go to state 52
    '('          shift, and go to state 53
    '['          shift, and go to state 54

    lamparam   go to state 103
    lamparam2  go to state 56
    pat3       go to state 58
    pref       go to state 59
    ptuple     go to state 60
    plist      go to state 61


State 58

   66 lamparam2: pat3 •

    $default  reduce using rule 66 (lamparam2)


State 59

   83 pat3: pref •
   85     | pref • '@' pat3

    '@'  shift, and go to state 104

    $default  reduce using rule 83 (pat3)


State 60

   79 pat3: ptuple •

    $default  reduce using rule 79 (pat3)


State 61

   80 pat3: plist •

    $default  reduce using rule 80 (pat3)


State 62

    0 $accept: prog $end •

    $default  accept


State 63

    1 prog: expr ';' •

    $default  reduce using rule 1 (prog)


State 64

   14 econs: expr1 ':' • expr3

    LSTINT             shift, and go to state 1
    LSTSYMBOL          shift, and go to state 2
    LSTDOTSYMBOL       shift, and go to state 3
    LSTPRELUDE_CONSTR  shift, and go to state 4
    LSTPRELUDE_SYMBOL  shift, and go to state 5
    LSTPRELUDE_STR     shift, and go to state 6
    LSTPRELUDE_INT     shift, and go to state 7
    LSTENVOP           shift, and go to state 8
    LSTNSDEF           shift, and go to state 9
    LSTNSDEFV          shift, and go to state 10
    LSTREFSYM          shift, and go to state 11
    LSTSTR             shift, and go to state 12
    '!'                shift, and go to state 13
    '{'                shift, and go to state 14
    '('                shift, and go to state 15
    '['                shift, and go to state 16
    '\\'               shift, and go to state 17

    expr3    go to state 105
    eappl    go to state 24
    expr4    go to state 25
    ealge    go to state 26
    expr5    go to state 27
    efact    go to state 28
    closure  go to state 29
    etuple   go to state 30
    elist    go to state 31
    elambda  go to state 32


State 65

   11 expr1: expr2 '|' • expr1

    LSTINT             shift, and go to state 1
    LSTSYMBOL          shift, and go to state 2
    LSTDOTSYMBOL       shift, and go to state 3
    LSTPRELUDE_CONSTR  shift, and go to state 4
    LSTPRELUDE_SYMBOL  shift, and go to state 5
    LSTPRELUDE_STR     shift, and go to state 6
    LSTPRELUDE_INT     shift, and go to state 7
    LSTENVOP           shift, and go to state 8
    LSTNSDEF           shift, and go to state 9
    LSTNSDEFV          shift, and go to state 10
    LSTREFSYM          shift, and go to state 11
    LSTSTR             shift, and go to state 12
    '!'                shift, and go to state 13
    '{'                shift, and go to state 14
    '('                shift, and go to state 15
    '['                shift, and go to state 16
    '\\'               shift, and go to state 17

    expr1    go to state 106
    expr2    go to state 21
    econs    go to state 22
    expr3    go to state 23
    eappl    go to state 24
    expr4    go to state 25
    ealge    go to state 26
    expr5    go to state 27
    efact    go to state 28
    closure  go to state 29
    etuple   go to state 30
    elist    go to state 31
    elambda  go to state 32


State 66

   17 expr3: expr3 LSTOROR • expr4

    LSTINT             shift, and go to state 1
    LSTSYMBOL          shift, and go to state 2
    LSTDOTSYMBOL       shift, and go to state 3
    LSTPRELUDE_CONSTR  shift, and go to state 4
    LSTPRELUDE_SYMBOL  shift, and go to state 5
    LSTPRELUDE_STR     shift, and go to state 6
    LSTPRELUDE_INT     shift, and go to state 7
    LSTENVOP           shift, and go to state 8
    LSTNSDEF           shift, and go to state 9
    LSTNSDEFV          shift, and go to state 10
    LSTREFSYM          shift, and go to state 11
    LSTSTR             shift, and go to state 12
    '!'                shift, and go to state 13
    '{'                shift, and go to state 14
    '('                shift, and go to state 15
    '['                shift, and go to state 16
    '\\'               shift, and go to state 17

    expr4    go to state 107
    ealge    go to state 26
    expr5    go to state 27
    efact    go to state 35
    closure  go to state 29
    etuple   go to state 30
    elist    go to state 31
    elambda  go to state 32


State 67

   19 eappl: eappl expr5 •

    $default  reduce using rule 19 (eappl)


State 68

   23 ealge: ealge expr5 •

    $default  reduce using rule 23 (ealge)


State 69

   18 eappl: efact expr5 •

    $default  reduce using rule 18 (eappl)


State 70

   31 efact: LSTNSDEF LSTSYMBOL LSTSYMBOL • expr5

    LSTINT             shift, and go to state 1
    LSTSYMBOL          shift, and go to state 33
    LSTDOTSYMBOL       shift, and go to state 3
    LSTPRELUDE_CONSTR  shift, and go to state 4
    LSTPRELUDE_SYMBOL  shift, and go to state 5
    LSTPRELUDE_STR     shift, and go to state 6
    LSTPRELUDE_INT     shift, and go to state 7
    LSTENVOP           shift, and go to state 8
    LSTNSDEF           shift, and go to state 9
    LSTNSDEFV          shift, and go to state 10
    LSTREFSYM          shift, and go to state 11
    LSTSTR             shift, and go to state 12
    '!'                shift, and go to state 13
    '{'                shift, and go to state 14
    '('                shift, and go to state 15
    '['                shift, and go to state 16
    '\\'               shift, and go to state 17

    expr5    go to state 108
    efact    go to state 35
    closure  go to state 29
    etuple   go to state 30
    elist    go to state 31
    elambda  go to state 32


State 71

   30 efact: LSTNSDEFV expr5 LSTSYMBOL • expr5

    LSTINT             shift, and go to state 1
    LSTSYMBOL          shift, and go to state 33
    LSTDOTSYMBOL       shift, and go to state 3
    LSTPRELUDE_CONSTR  shift, and go to state 4
    LSTPRELUDE_SYMBOL  shift, and go to state 5
    LSTPRELUDE_STR     shift, and go to state 6
    LSTPRELUDE_INT     shift, and go to state 7
    LSTENVOP           shift, and go to state 8
    LSTNSDEF           shift, and go to state 9
    LSTNSDEFV          shift, and go to state 10
    LSTREFSYM          shift, and go to state 11
    LSTSTR             shift, and go to state 12
    '!'                shift, and go to state 13
    '{'                shift, and go to state 14
    '('                shift, and go to state 15
    '['                shift, and go to state 16
    '\\'               shift, and go to state 17

    expr5    go to state 109
    efact    go to state 35
    closure  go to state 29
    etuple   go to state 30
    elist    go to state 31
    elambda  go to state 32


State 72

   22 ealge: LSTSYMBOL • expr5
   25 expr5: LSTSYMBOL •
   53 dostmt: LSTSYMBOL • LSTLEFTARROW expr

    LSTINT             shift, and go to state 1
    LSTSYMBOL          shift, and go to state 33
    LSTDOTSYMBOL       shift, and go to state 3
    LSTPRELUDE_CONSTR  shift, and go to state 4
    LSTPRELUDE_SYMBOL  shift, and go to state 5
    LSTPRELUDE_STR     shift, and go to state 6
    LSTPRELUDE_INT     shift, and go to state 7
    LSTENVOP           shift, and go to state 8
    LSTNSDEF           shift, and go to state 9
    LSTNSDEFV          shift, and go to state 10
    LSTREFSYM          shift, and go to state 11
    LSTSTR             shift, and go to state 12
    LSTLEFTARROW       shift, and go to state 110
    '!'                shift, and go to state 13
    '{'                shift, and go to state 14
    '('                shift, and go to state 15
    '['                shift, and go to state 16
    '\\'               shift, and go to state 17

    $default  reduce using rule 25 (expr5)

    expr5    go to state 34
    efact    go to state 35
    closure  go to state 29
    etuple   go to state 30
    elist    go to state 31
    elambda  go to state 32


State 73

   29 efact: LSTREFSYM •
   86 pref: LSTREFSYM •

    LSTLEFTARROW  reduce using rule 86 (pref)
    $default      reduce using rule 29 (efact)


State 74

   54 dostmt: expr •

    $default  reduce using rule 54 (dostmt)


State 75

   41 efact: '!' '{' dostmts • '}'

    '}'  shift, and go to state 111


State 76

   50 dostmts: dostmt •
   51        | dostmt • ';' dostmts

    ';'  shift, and go to state 112

    $default  reduce using rule 50 (dostmts)


State 77

   52 dostmt: pref • LSTLEFTARROW expr

    LSTLEFTARROW  shift, and go to state 113


State 78

   47 nslit_entry: LSTDOTSYMBOL '=' • expr

    LSTINT             shift, and go to state 1
    LSTSYMBOL          shift, and go to state 2
    LSTDOTSYMBOL       shift, and go to state 3
    LSTPRELUDE_CONSTR  shift, and go to state 4
    LSTPRELUDE_SYMBOL  shift, and go to state 5
    LSTPRELUDE_STR     shift, and go to state 6
    LSTPRELUDE_INT     shift, and go to state 7
    LSTENVOP           shift, and go to state 8
    LSTNSDEF           shift, and go to state 9
    LSTNSDEFV          shift, and go to state 10
    LSTREFSYM          shift, and go to state 11
    LSTSTR             shift, and go to state 12
    '!'                shift, and go to state 13
    '{'                shift, and go to state 14
    '('                shift, and go to state 15
    '['                shift, and go to state 16
    '\\'               shift, and go to state 17

    expr     go to state 114
    expr1    go to state 20
    expr2    go to state 21
    econs    go to state 22
    expr3    go to state 23
    eappl    go to state 24
    expr4    go to state 25
    ealge    go to state 26
    expr5    go to state 27
    efact    go to state 28
    closure  go to state 29
    etuple   go to state 30
    elist    go to state 31
    elambda  go to state 32


State 79

   48 nslit_entry: LSTDOTSYMBOL lamparams • '=' expr
   69 lamparams: lamparams • lamparam

    LSTINT       shift, and go to state 48
    LSTSYMBOL    shift, and go to state 49
    LSTREFSYM    shift, and go to state 50
    LSTSTR       shift, and go to state 51
    LSTWILDCARD  shift, and go to state 52
    '='          shift, and go to state 115
    '('          shift, and go to state 53
    '['          shift, and go to state 54

    lamparam   go to state 103
    lamparam2  go to state 56
    pat3       go to state 58
    pref       go to state 59
    ptuple     go to state 60
    plist      go to state 61


State 80

   45 nslit_entries: nslit_entries ';' • nslit_entry
   46              | nslit_entries ';' •

    LSTDOTSYMBOL  shift, and go to state 39

    $default  reduce using rule 46 (nslit_entries)

    nslit_entry  go to state 116


State 81

   42 efact: '{' nslit_entries '}' •

    $default  reduce using rule 42 (efact)


State 82

    7 bind_list: ';' • bind_single

    LSTINT       shift, and go to state 48
    LSTSYMBOL    shift, and go to state 88
    LSTREFSYM    shift, and go to state 50
    LSTSTR       shift, and go to state 51
    LSTWILDCARD  shift, and go to state 52
    '('          shift, and go to state 89
    '['          shift, and go to state 54

    funlhs       go to state 117
    bind_single  go to state 118
    pat          go to state 119
    pcons        go to state 92
    pat1         go to state 93
    pat2         go to state 94
    palge        go to state 95
    pat3         go to state 96
    pref         go to state 120
    ptuple       go to state 60
    plist        go to state 61


State 83

   55 closure: '(' expr bind • ')'

    ')'  shift, and go to state 121


State 84

    3 bind: bind_list •
    8 bind_list: bind_list • ';' bind_single

    ';'  shift, and go to state 122

    $default  reduce using rule 3 (bind)


State 85

   57 etuple: '(' earray ')' •

    $default  reduce using rule 57 (etuple)


State 86

   59 earray: earray ',' • expr

    LSTINT             shift, and go to state 1
    LSTSYMBOL          shift, and go to state 2
    LSTDOTSYMBOL       shift, and go to state 3
    LSTPRELUDE_CONSTR  shift, and go to state 4
    LSTPRELUDE_SYMBOL  shift, and go to state 5
    LSTPRELUDE_STR     shift, and go to state 6
    LSTPRELUDE_INT     shift, and go to state 7
    LSTENVOP           shift, and go to state 8
    LSTNSDEF           shift, and go to state 9
    LSTNSDEFV          shift, and go to state 10
    LSTREFSYM          shift, and go to state 11
    LSTSTR             shift, and go to state 12
    '!'                shift, and go to state 13
    '{'                shift, and go to state 14
    '('                shift, and go to state 15
    '['                shift, and go to state 16
    '\\'               shift, and go to state 17

    expr     go to state 123
    expr1    go to state 20
    expr2    go to state 21
    econs    go to state 22
    expr3    go to state 23
    eappl    go to state 24
    expr4    go to state 25
    ealge    go to state 26
    expr5    go to state 27
    efact    go to state 28
    closure  go to state 29
    etuple   go to state 30
    elist    go to state 31
    elambda  go to state 32


State 87

   61 elist: '[' earray ']' •

    $default  reduce using rule 61 (elist)


State 88

   77 palge: LSTSYMBOL •

    $default  reduce using rule 77 (palge)


State 89

   87 ptuple: '(' • ')'
   88       | '(' • parray ')'

    LSTINT       shift, and go to state 48
    LSTSYMBOL    shift, and go to state 88
    LSTREFSYM    shift, and go to state 50
    LSTSTR       shift, and go to state 51
    LSTWILDCARD  shift, and go to state 52
    '('          shift, and go to state 89
    ')'          shift, and go to state 90
    '['          shift, and go to state 54

    pat     go to state 99
    pcons   go to state 92
    pat1    go to state 93
    pat2    go to state 94
    palge   go to state 95
    pat3    go to state 96
    pref    go to state 59
    ptuple  go to state 60
    parray  go to state 97
    plist   go to state 61


State 90

   87 ptuple: '(' ')' •

    $default  reduce using rule 87 (ptuple)


State 91

   67 lamparam2: '(' pat • ')'
   72 pcons: pat • ':' pat
   89 parray: pat •

    ':'  shift, and go to state 124
    ')'  shift, and go to state 125

    ')'       [reduce using rule 89 (parray)]
    $default  reduce using rule 89 (parray)


State 92

   71 pat: pcons •

    $default  reduce using rule 71 (pat)


State 93

   70 pat: pat1 •

    $default  reduce using rule 70 (pat)


State 94

   73 pat1: pat2 •
   74     | pat2 • '|' pat1

    '|'  shift, and go to state 126

    $default  reduce using rule 73 (pat1)


State 95

   76 pat2: palge •
   78 palge: palge • pat3

    LSTINT       shift, and go to state 48
    LSTREFSYM    shift, and go to state 50
    LSTSTR       shift, and go to state 51
    LSTWILDCARD  shift, and go to state 52
    '('          shift, and go to state 89
    '['          shift, and go to state 54

    $default  reduce using rule 76 (pat2)

    pat3    go to state 127
    pref    go to state 59
    ptuple  go to state 60
    plist   go to state 61


State 96

   75 pat2: pat3 •

    $default  reduce using rule 75 (pat2)


State 97

   88 ptuple: '(' parray • ')'
   90 parray: parray • ',' pat

    ')'  shift, and go to state 128
    ','  shift, and go to state 129


State 98

   91 plist: '[' ']' •

    $default  reduce using rule 91 (plist)


State 99

   72 pcons: pat • ':' pat
   89 parray: pat •

    ':'  shift, and go to state 124

    $default  reduce using rule 89 (parray)


State 100

   90 parray: parray • ',' pat
   92 plist: '[' parray • ']'

    ','  shift, and go to state 129
    ']'  shift, and go to state 130


State 101

   64 lamparam: lamparam2 '|' • lamparam

    LSTINT       shift, and go to state 48
    LSTSYMBOL    shift, and go to state 49
    LSTREFSYM    shift, and go to state 50
    LSTSTR       shift, and go to state 51
    LSTWILDCARD  shift, and go to state 52
    '('          shift, and go to state 53
    '['          shift, and go to state 54

    lamparam   go to state 131
    lamparam2  go to state 56
    pat3       go to state 58
    pref       go to state 59
    ptuple     go to state 60
    plist      go to state 61


State 102

   62 elambda: '\\' lamparams LSTARROW • expr3

    LSTINT             shift, and go to state 1
    LSTSYMBOL          shift, and go to state 2
    LSTDOTSYMBOL       shift, and go to state 3
    LSTPRELUDE_CONSTR  shift, and go to state 4
    LSTPRELUDE_SYMBOL  shift, and go to state 5
    LSTPRELUDE_STR     shift, and go to state 6
    LSTPRELUDE_INT     shift, and go to state 7
    LSTENVOP           shift, and go to state 8
    LSTNSDEF           shift, and go to state 9
    LSTNSDEFV          shift, and go to state 10
    LSTREFSYM          shift, and go to state 11
    LSTSTR             shift, and go to state 12
    '!'                shift, and go to state 13
    '{'                shift, and go to state 14
    '('                shift, and go to state 15
    '['                shift, and go to state 16
    '\\'               shift, and go to state 17

    expr3    go to state 132
    eappl    go to state 24
    expr4    go to state 25
    ealge    go to state 26
    expr5    go to state 27
    efact    go to state 28
    closure  go to state 29
    etuple   go to state 30
    elist    go to state 31
    elambda  go to state 32


State 103

   69 lamparams: lamparams lamparam •

    $default  reduce using rule 69 (lamparams)


State 104

   85 pat3: pref '@' • pat3

    LSTINT       shift, and go to state 48
    LSTREFSYM    shift, and go to state 50
    LSTSTR       shift, and go to state 51
    LSTWILDCARD  shift, and go to state 52
    '('          shift, and go to state 89
    '['          shift, and go to state 54

    pat3    go to state 133
    pref    go to state 59
    ptuple  go to state 60
    plist   go to state 61


State 105

   14 econs: expr1 ':' expr3 •
   17 expr3: expr3 • LSTOROR expr4

    LSTOROR  shift, and go to state 66

    $default  reduce using rule 14 (econs)


State 106

   11 expr1: expr2 '|' expr1 •
   14 econs: expr1 • ':' expr3

    ':'  shift, and go to state 64

    $default  reduce using rule 11 (expr1)


State 107

   17 expr3: expr3 LSTOROR expr4 •

    $default  reduce using rule 17 (expr3)


State 108

   31 efact: LSTNSDEF LSTSYMBOL LSTSYMBOL expr5 •

    $default  reduce using rule 31 (efact)


State 109

   30 efact: LSTNSDEFV expr5 LSTSYMBOL expr5 •

    $default  reduce using rule 30 (efact)


State 110

   53 dostmt: LSTSYMBOL LSTLEFTARROW • expr

    LSTINT             shift, and go to state 1
    LSTSYMBOL          shift, and go to state 2
    LSTDOTSYMBOL       shift, and go to state 3
    LSTPRELUDE_CONSTR  shift, and go to state 4
    LSTPRELUDE_SYMBOL  shift, and go to state 5
    LSTPRELUDE_STR     shift, and go to state 6
    LSTPRELUDE_INT     shift, and go to state 7
    LSTENVOP           shift, and go to state 8
    LSTNSDEF           shift, and go to state 9
    LSTNSDEFV          shift, and go to state 10
    LSTREFSYM          shift, and go to state 11
    LSTSTR             shift, and go to state 12
    '!'                shift, and go to state 13
    '{'                shift, and go to state 14
    '('                shift, and go to state 15
    '['                shift, and go to state 16
    '\\'               shift, and go to state 17

    expr     go to state 134
    expr1    go to state 20
    expr2    go to state 21
    econs    go to state 22
    expr3    go to state 23
    eappl    go to state 24
    expr4    go to state 25
    ealge    go to state 26
    expr5    go to state 27
    efact    go to state 28
    closure  go to state 29
    etuple   go to state 30
    elist    go to state 31
    elambda  go to state 32


State 111

   41 efact: '!' '{' dostmts '}' •

    $default  reduce using rule 41 (efact)


State 112

   51 dostmts: dostmt ';' • dostmts

    LSTINT             shift, and go to state 1
    LSTSYMBOL          shift, and go to state 72
    LSTDOTSYMBOL       shift, and go to state 3
    LSTPRELUDE_CONSTR  shift, and go to state 4
    LSTPRELUDE_SYMBOL  shift, and go to state 5
    LSTPRELUDE_STR     shift, and go to state 6
    LSTPRELUDE_INT     shift, and go to state 7
    LSTENVOP           shift, and go to state 8
    LSTNSDEF           shift, and go to state 9
    LSTNSDEFV          shift, and go to state 10
    LSTREFSYM          shift, and go to state 73
    LSTSTR             shift, and go to state 12
    '!'                shift, and go to state 13
    '{'                shift, and go to state 14
    '('                shift, and go to state 15
    '['                shift, and go to state 16
    '\\'               shift, and go to state 17

    $default  reduce using rule 49 (dostmts)

    expr     go to state 74
    expr1    go to state 20
    expr2    go to state 21
    econs    go to state 22
    expr3    go to state 23
    eappl    go to state 24
    expr4    go to state 25
    ealge    go to state 26
    expr5    go to state 27
    efact    go to state 28
    dostmts  go to state 135
    dostmt   go to state 76
    closure  go to state 29
    etuple   go to state 30
    elist    go to state 31
    elambda  go to state 32
    pref     go to state 77


State 113

   52 dostmt: pref LSTLEFTARROW • expr

    LSTINT             shift, and go to state 1
    LSTSYMBOL          shift, and go to state 2
    LSTDOTSYMBOL       shift, and go to state 3
    LSTPRELUDE_CONSTR  shift, and go to state 4
    LSTPRELUDE_SYMBOL  shift, and go to state 5
    LSTPRELUDE_STR     shift, and go to state 6
    LSTPRELUDE_INT     shift, and go to state 7
    LSTENVOP           shift, and go to state 8
    LSTNSDEF           shift, and go to state 9
    LSTNSDEFV          shift, and go to state 10
    LSTREFSYM          shift, and go to state 11
    LSTSTR             shift, and go to state 12
    '!'                shift, and go to state 13
    '{'                shift, and go to state 14
    '('                shift, and go to state 15
    '['                shift, and go to state 16
    '\\'               shift, and go to state 17

    expr     go to state 136
    expr1    go to state 20
    expr2    go to state 21
    econs    go to state 22
    expr3    go to state 23
    eappl    go to state 24
    expr4    go to state 25
    ealge    go to state 26
    expr5    go to state 27
    efact    go to state 28
    closure  go to state 29
    etuple   go to state 30
    elist    go to state 31
    elambda  go to state 32


State 114

   47 nslit_entry: LSTDOTSYMBOL '=' expr •

    $default  reduce using rule 47 (nslit_entry)


State 115

   48 nslit_entry: LSTDOTSYMBOL lamparams '=' • expr

    LSTINT             shift, and go to state 1
    LSTSYMBOL          shift, and go to state 2
    LSTDOTSYMBOL       shift, and go to state 3
    LSTPRELUDE_CONSTR  shift, and go to state 4
    LSTPRELUDE_SYMBOL  shift, and go to state 5
    LSTPRELUDE_STR     shift, and go to state 6
    LSTPRELUDE_INT     shift, and go to state 7
    LSTENVOP           shift, and go to state 8
    LSTNSDEF           shift, and go to state 9
    LSTNSDEFV          shift, and go to state 10
    LSTREFSYM          shift, and go to state 11
    LSTSTR             shift, and go to state 12
    '!'                shift, and go to state 13
    '{'                shift, and go to state 14
    '('                shift, and go to state 15
    '['                shift, and go to state 16
    '\\'               shift, and go to state 17

    expr     go to state 137
    expr1    go to state 20
    expr2    go to state 21
    econs    go to state 22
    expr3    go to state 23
    eappl    go to state 24
    expr4    go to state 25
    ealge    go to state 26
    expr5    go to state 27
    efact    go to state 28
    closure  go to state 29
    etuple   go to state 30
    elist    go to state 31
    elambda  go to state 32


State 116

   45 nslit_entries: nslit_entries ';' nslit_entry •

    $default  reduce using rule 45 (nslit_entries)


State 117

    5 bind_single: funlhs • lamparams '=' expr

    LSTINT       shift, and go to state 48
    LSTSYMBOL    shift, and go to state 49
    LSTREFSYM    shift, and go to state 50
    LSTSTR       shift, and go to state 51
    LSTWILDCARD  shift, and go to state 52
    '('          shift, and go to state 53
    '['          shift, and go to state 54

    lamparam   go to state 55
    lamparam2  go to state 56
    lamparams  go to state 138
    pat3       go to state 58
    pref       go to state 59
    ptuple     go to state 60
    plist      go to state 61


State 118

    7 bind_list: ';' bind_single •

    $default  reduce using rule 7 (bind_list)


State 119

    6 bind_single: pat • '=' expr
   72 pcons: pat • ':' pat

    ':'  shift, and go to state 124
    '='  shift, and go to state 139


State 120

    4 funlhs: pref •
   83 pat3: pref •
   85     | pref • '@' pat3

    '@'  shift, and go to state 104

    '|'       reduce using rule 83 (pat3)
    ':'       reduce using rule 83 (pat3)
    '='       reduce using rule 83 (pat3)
    $default  reduce using rule 4 (funlhs)


State 121

   55 closure: '(' expr bind ')' •

    $default  reduce using rule 55 (closure)


State 122

    8 bind_list: bind_list ';' • bind_single

    LSTINT       shift, and go to state 48
    LSTSYMBOL    shift, and go to state 88
    LSTREFSYM    shift, and go to state 50
    LSTSTR       shift, and go to state 51
    LSTWILDCARD  shift, and go to state 52
    '('          shift, and go to state 89
    '['          shift, and go to state 54

    funlhs       go to state 117
    bind_single  go to state 140
    pat          go to state 119
    pcons        go to state 92
    pat1         go to state 93
    pat2         go to state 94
    palge        go to state 95
    pat3         go to state 96
    pref         go to state 120
    ptuple       go to state 60
    plist        go to state 61


State 123

   59 earray: earray ',' expr •

    $default  reduce using rule 59 (earray)


State 124

   72 pcons: pat ':' • pat

    LSTINT       shift, and go to state 48
    LSTSYMBOL    shift, and go to state 88
    LSTREFSYM    shift, and go to state 50
    LSTSTR       shift, and go to state 51
    LSTWILDCARD  shift, and go to state 52
    '('          shift, and go to state 89
    '['          shift, and go to state 54

    pat     go to state 141
    pcons   go to state 92
    pat1    go to state 93
    pat2    go to state 94
    palge   go to state 95
    pat3    go to state 96
    pref    go to state 59
    ptuple  go to state 60
    plist   go to state 61


State 125

   67 lamparam2: '(' pat ')' •

    $default  reduce using rule 67 (lamparam2)


State 126

   74 pat1: pat2 '|' • pat1

    LSTINT       shift, and go to state 48
    LSTSYMBOL    shift, and go to state 88
    LSTREFSYM    shift, and go to state 50
    LSTSTR       shift, and go to state 51
    LSTWILDCARD  shift, and go to state 52
    '('          shift, and go to state 89
    '['          shift, and go to state 54

    pat1    go to state 142
    pat2    go to state 94
    palge   go to state 95
    pat3    go to state 96
    pref    go to state 59
    ptuple  go to state 60
    plist   go to state 61


State 127

   78 palge: palge pat3 •

    $default  reduce using rule 78 (palge)


State 128

   88 ptuple: '(' parray ')' •

    $default  reduce using rule 88 (ptuple)


State 129

   90 parray: parray ',' • pat

    LSTINT       shift, and go to state 48
    LSTSYMBOL    shift, and go to state 88
    LSTREFSYM    shift, and go to state 50
    LSTSTR       shift, and go to state 51
    LSTWILDCARD  shift, and go to state 52
    '('          shift, and go to state 89
    '['          shift, and go to state 54

    pat     go to state 143
    pcons   go to state 92
    pat1    go to state 93
    pat2    go to state 94
    palge   go to state 95
    pat3    go to state 96
    pref    go to state 59
    ptuple  go to state 60
    plist   go to state 61


State 130

   92 plist: '[' parray ']' •

    $default  reduce using rule 92 (plist)


State 131

   64 lamparam: lamparam2 '|' lamparam •

    $default  reduce using rule 64 (lamparam)


State 132

   17 expr3: expr3 • LSTOROR expr4
   62 elambda: '\\' lamparams LSTARROW expr3 •

    LSTOROR  shift, and go to state 66

    LSTOROR   [reduce using rule 62 (elambda)]
    $default  reduce using rule 62 (elambda)


State 133

   85 pat3: pref '@' pat3 •

    $default  reduce using rule 85 (pat3)


State 134

   53 dostmt: LSTSYMBOL LSTLEFTARROW expr •

    $default  reduce using rule 53 (dostmt)


State 135

   51 dostmts: dostmt ';' dostmts •

    $default  reduce using rule 51 (dostmts)


State 136

   52 dostmt: pref LSTLEFTARROW expr •

    $default  reduce using rule 52 (dostmt)


State 137

   48 nslit_entry: LSTDOTSYMBOL lamparams '=' expr •

    $default  reduce using rule 48 (nslit_entry)


State 138

    5 bind_single: funlhs lamparams • '=' expr
   69 lamparams: lamparams • lamparam

    LSTINT       shift, and go to state 48
    LSTSYMBOL    shift, and go to state 49
    LSTREFSYM    shift, and go to state 50
    LSTSTR       shift, and go to state 51
    LSTWILDCARD  shift, and go to state 52
    '='          shift, and go to state 144
    '('          shift, and go to state 53
    '['          shift, and go to state 54

    lamparam   go to state 103
    lamparam2  go to state 56
    pat3       go to state 58
    pref       go to state 59
    ptuple     go to state 60
    plist      go to state 61


State 139

    6 bind_single: pat '=' • expr

    LSTINT             shift, and go to state 1
    LSTSYMBOL          shift, and go to state 2
    LSTDOTSYMBOL       shift, and go to state 3
    LSTPRELUDE_CONSTR  shift, and go to state 4
    LSTPRELUDE_SYMBOL  shift, and go to state 5
    LSTPRELUDE_STR     shift, and go to state 6
    LSTPRELUDE_INT     shift, and go to state 7
    LSTENVOP           shift, and go to state 8
    LSTNSDEF           shift, and go to state 9
    LSTNSDEFV          shift, and go to state 10
    LSTREFSYM          shift, and go to state 11
    LSTSTR             shift, and go to state 12
    '!'                shift, and go to state 13
    '{'                shift, and go to state 14
    '('                shift, and go to state 15
    '['                shift, and go to state 16
    '\\'               shift, and go to state 17

    expr     go to state 145
    expr1    go to state 20
    expr2    go to state 21
    econs    go to state 22
    expr3    go to state 23
    eappl    go to state 24
    expr4    go to state 25
    ealge    go to state 26
    expr5    go to state 27
    efact    go to state 28
    closure  go to state 29
    etuple   go to state 30
    elist    go to state 31
    elambda  go to state 32


State 140

    8 bind_list: bind_list ';' bind_single •

    $default  reduce using rule 8 (bind_list)


State 141

   72 pcons: pat • ':' pat
   72      | pat ':' pat •

    ':'  shift, and go to state 124

    $default  reduce using rule 72 (pcons)


State 142

   74 pat1: pat2 '|' pat1 •

    $default  reduce using rule 74 (pat1)


State 143

   72 pcons: pat • ':' pat
   90 parray: parray ',' pat •

    ':'  shift, and go to state 124

    $default  reduce using rule 90 (parray)


State 144

    5 bind_single: funlhs lamparams '=' • expr

    LSTINT             shift, and go to state 1
    LSTSYMBOL          shift, and go to state 2
    LSTDOTSYMBOL       shift, and go to state 3
    LSTPRELUDE_CONSTR  shift, and go to state 4
    LSTPRELUDE_SYMBOL  shift, and go to state 5
    LSTPRELUDE_STR     shift, and go to state 6
    LSTPRELUDE_INT     shift, and go to state 7
    LSTENVOP           shift, and go to state 8
    LSTNSDEF           shift, and go to state 9
    LSTNSDEFV          shift, and go to state 10
    LSTREFSYM          shift, and go to state 11
    LSTSTR             shift, and go to state 12
    '!'                shift, and go to state 13
    '{'                shift, and go to state 14
    '('                shift, and go to state 15
    '['                shift, and go to state 16
    '\\'               shift, and go to state 17

    expr     go to state 146
    expr1    go to state 20
    expr2    go to state 21
    econs    go to state 22
    expr3    go to state 23
    eappl    go to state 24
    expr4    go to state 25
    ealge    go to state 26
    expr5    go to state 27
    efact    go to state 28
    closure  go to state 29
    etuple   go to state 30
    elist    go to state 31
    elambda  go to state 32


State 145

    6 bind_single: pat '=' expr •

    $default  reduce using rule 6 (bind_single)


State 146

    5 bind_single: funlhs lamparams '=' expr •

    $default  reduce using rule 5 (bind_single)
